2015/10/04 11:58:35 にビルドを開始しました。
     1>ノード 2 上のプロジェクト "E:\教材\PS13\3D授業\Basic DXUT Win32 Samples\C++\DXUT\Core\DXUT_2012.vcxproj" (Build ターゲット)。
     1>ClCompile:
         C:\Program Files (x86)\Microsoft Visual Studio 14.0\VC\bin\CL.exe /c /ZI /nologo /W4 /WX- /Od /Oi /Oy- /D WIN32 /D _DEBUG /D DEBUG /D PROFILE /D _WINDOWS /D _LIB /D _WIN32_WINNT=0x0600 /D _UNICODE /D UNICODE /Gm- /EHsc /RTC1 /MDd /GS /arch:SSE2 /fp:fast /Zc:wchar_t /Zc:forScope /Zc:inline /openmp- /Yc"DXUT.h" /Fp"Bin\Desktop_2012\Win32\Debug\DXUT.pch" /Fo"Bin\Desktop_2012\Win32\Debug\\" /Fd"Bin\Desktop_2012\Win32\Debug\DXUT.pdb" /Gd /TP /analyze- /errorReport:prompt  DXUT.cpp
         DXUT.cpp
     1>e:\教材\ps13\3d授業\basic dxut win32 samples\c++\dxut\core\dxut.cpp(580): warning C4838: 'UINT' から 'LONG' への変換には縮小変換が必要です
     1>e:\教材\ps13\3d授業\basic dxut win32 samples\c++\dxut\core\dxut.cpp(581): warning C4838: 'UINT' から 'LONG' への変換には縮小変換が必要です
         C:\Program Files (x86)\Microsoft Visual Studio 14.0\VC\bin\CL.exe /c /ZI /nologo /W4 /WX- /Od /Oi /Oy- /D WIN32 /D _DEBUG /D DEBUG /D PROFILE /D _WINDOWS /D _LIB /D _WIN32_WINNT=0x0600 /D _UNICODE /D UNICODE /Gm- /EHsc /RTC1 /MDd /GS /arch:SSE2 /fp:fast /Zc:wchar_t /Zc:forScope /Zc:inline /openmp- /Yu"DXUT.h" /Fp"Bin\Desktop_2012\Win32\Debug\DXUT.pch" /Fo"Bin\Desktop_2012\Win32\Debug\\" /Fd"Bin\Desktop_2012\Win32\Debug\DXUT.pdb" /Gd /TP /analyze- /errorReport:prompt  DXUTDevice11.cpp DXUTmisc.cpp DXErr.cpp DDSTextureLoader.cpp Screengrab.cpp WICTextureLoader.cpp
         DXUTDevice11.cpp
         DXUTmisc.cpp
         DXErr.cpp
         DDSTextureLoader.cpp
         Screengrab.cpp
     1>e:\教材\ps13\3d授業\basic dxut win32 samples\c++\dxut\core\screengrab.cpp(1128): warning C4838: 'UINT' から 'INT' への変換には縮小変換が必要です
         WICTextureLoader.cpp
         コードを生成中...
       Lib:
         C:\Program Files (x86)\Microsoft Visual Studio 14.0\VC\bin\Lib.exe /OUT:"Bin\Desktop_2012\Win32\Debug\DXUT.lib" /NOLOGO Bin\Desktop_2012\Win32\Debug\DXUT.obj
         Bin\Desktop_2012\Win32\Debug\DXUTDevice11.obj
         Bin\Desktop_2012\Win32\Debug\DXUTmisc.obj
         Bin\Desktop_2012\Win32\Debug\DXErr.obj
         Bin\Desktop_2012\Win32\Debug\DDSTextureLoader.obj
         Bin\Desktop_2012\Win32\Debug\Screengrab.obj
         Bin\Desktop_2012\Win32\Debug\WICTextureLoader.obj
         DXUT_2012.vcxproj -> E:\教材\PS13\3D授業\Basic DXUT Win32 Samples\C++\DXUT\Core\Bin\Desktop_2012\Win32\Debug\DXUT.lib
     1>プロジェクト "E:\教材\PS13\3D授業\Basic DXUT Win32 Samples\C++\DXUT\Core\DXUT_2012.vcxproj" (Build ターゲット) のビルドが完了しました。

ビルドに成功しました。

経過時間 00:00:06.00
